Build started 9/20/2011 11:47:13 PM.
     1>Project "C:\Users\Willy Weiskopf\Willy\School\csci262\Lab 3\Lab03\Lab03.vcxproj" on node 2 (build target(s)).
     1>InitializeBuildStatus:
         Touching "Debug\Lab03.unsuccessfulbuild".
       GenerateTargetFrameworkMonikerAttribute:
       Skipping target "GenerateTargetFrameworkMonikerAttribute" because all output files are up-to-date with respect to the input files.
       ClCompile:
         c:\Program Files (x86)\Microsoft Visual Studio 10.0\VC\bin\CL.exe /c /AI"C:\Program Files (x86)\Reference Assemblies\Microsoft\Framework\.NETFramework\v4.0" /Zi /clr:pure /nologo /W3 /WX- /Od /Oy- /D WIN32 /D _DEBUG /D _UNICODE /D UNICODE /EHa /MDd /GS /fp:precise /Zc:wchar_t /Zc:forScope /Fo"Debug\\" /Fd"Debug\vc100.pdb" /TP /FU"C:\Program Files (x86)\Reference Assemblies\Microsoft\Framework\.NETFramework\v4.0\System.Core.dll" /FU"C:\Program Files (x86)\Reference Assemblies\Microsoft\Framework\.NETFramework\v4.0\System.Data.dll" /FU"C:\Program Files (x86)\Reference Assemblies\Microsoft\Framework\.NETFramework\v4.0\System.dll" /FU"C:\Program Files (x86)\Reference Assemblies\Microsoft\Framework\.NETFramework\v4.0\System.Drawing.dll" /FU"C:\Program Files (x86)\Reference Assemblies\Microsoft\Framework\.NETFramework\v4.0\System.Windows.Forms.dll" /FU"C:\Program Files (x86)\Reference Assemblies\Microsoft\Framework\.NETFramework\v4.0\System.Xml.dll" /analyze- /errorReport:prompt DrawList.cpp Lab03.cpp /clr:nostdlib 
         DrawList.cpp
     1>DrawList.cpp(14): error C2059: syntax error : '['
     1>DrawList.cpp(26): error C2059: syntax error : '='
     1>DrawList.cpp(31): warning C4573: the usage of 'CS262::DrawList::used' requires the compiler to capture 'this' but the current default capture mode does not allow it
     1>DrawList.cpp(32): warning C4573: the usage of 'CS262::DrawList::MyRects' requires the compiler to capture 'this' but the current default capture mode does not allow it
     1>DrawList.cpp(34): warning C4573: the usage of 'CS262::DrawList::MyRects' requires the compiler to capture 'this' but the current default capture mode does not allow it
     1>DrawList.cpp(40): error C3493: 'this' cannot be implicitly captured because no default capture mode has been specified
     1>DrawList.cpp(40): error C3493: 'this' cannot be implicitly captured because no default capture mode has been specified
     1>DrawList.cpp(42): warning C4573: the usage of 'CS262::DrawList::capacity' requires the compiler to capture 'this' but the current default capture mode does not allow it
     1>DrawList.cpp(43): warning C4573: the usage of 'CS262::DrawList::MyRects' requires the compiler to capture 'this' but the current default capture mode does not allow it
     1>DrawList.cpp(44): warning C4573: the usage of 'CS262::DrawList::MyRects' requires the compiler to capture 'this' but the current default capture mode does not allow it
     1>DrawList.cpp(45): warning C4573: the usage of 'CS262::DrawList::capacity' requires the compiler to capture 'this' but the current default capture mode does not allow it
     1>DrawList.cpp(48): warning C4573: the usage of 'CS262::DrawList::used' requires the compiler to capture 'this' but the current default capture mode does not allow it
     1>DrawList.cpp(49): warning C4573: the usage of 'CS262::DrawList::used' requires the compiler to capture 'this' but the current default capture mode does not allow it
     1>DrawList.cpp(50): warning C4573: the usage of 'CS262::DrawList::MyRects' requires the compiler to capture 'this' but the current default capture mode does not allow it
     1>DrawList.cpp(50): error C2059: syntax error : '='
     1>DrawList.cpp(52): error C3493: 'this' cannot be implicitly captured because no default capture mode has been specified
     1>DrawList.cpp(55): warning C4573: the usage of 'CS262::DrawList::end' requires the compiler to capture 'this' but the current default capture mode does not allow it
     1>DrawList.cpp(56): warning C4573: the usage of 'CS262::DrawList::current_index' requires the compiler to capture 'this' but the current default capture mode does not allow it
     1>DrawList.cpp(60): warning C4573: the usage of 'CS262::DrawList::end' requires the compiler to capture 'this' but the current default capture mode does not allow it
     1>DrawList.cpp(61): warning C4573: the usage of 'CS262::DrawList::MyRects' requires the compiler to capture 'this' but the current default capture mode does not allow it
     1>DrawList.cpp(61): warning C4573: the usage of 'CS262::DrawList::current_index' requires the compiler to capture 'this' but the current default capture mode does not allow it
     1>DrawList.cpp(61): error C2100: illegal indirection
     1>DrawList.cpp(67): warning C4573: the usage of 'CS262::DrawList::used' requires the compiler to capture 'this' but the current default capture mode does not allow it
     1>DrawList.cpp(67): warning C4573: the usage of 'CS262::DrawList::capacity' requires the compiler to capture 'this' but the current default capture mode does not allow it
     1>DrawList.cpp(68): warning C4573: the usage of 'CS262::DrawList::MyRects' requires the compiler to capture 'this' but the current default capture mode does not allow it
     1>DrawList.cpp(68): warning C4573: the usage of 'CS262::DrawList::used' requires the compiler to capture 'this' but the current default capture mode does not allow it
     1>DrawList.cpp(69): warning C4573: the usage of 'CS262::DrawList::used' requires the compiler to capture 'this' but the current default capture mode does not allow it
     1>DrawList.cpp(72): error C2065: 'size_type' : undeclared identifier
     1>DrawList.cpp(72): error C2146: syntax error : missing ')' before identifier 'new_size'
     1>DrawList.cpp(72): error C2182: 'reserve' : illegal use of type 'void'
     1>DrawList.cpp(72): error C2059: syntax error : ')'
     1>DrawList.cpp(72): error C2143: syntax error : missing ';' before '{'
     1>DrawList.cpp(72): error C2447: '{' : missing function header (old-style formal list?)
     1>DrawList.cpp(86): warning C4573: the usage of 'CS262::DrawList::used' requires the compiler to capture 'this' but the current default capture mode does not allow it
     1>DrawList.cpp(87): warning C4573: the usage of 'CS262::DrawList::MyRects' requires the compiler to capture 'this' but the current default capture mode does not allow it
     1>DrawList.cpp(87): error C3480: 'CS262::DrawList::used': a lambda capture variable must be from an enclosing function scope
     1>DrawList.cpp(87): error C2143: syntax error : missing ']' before '-'
     1>DrawList.cpp(87): error C2059: syntax error : ']'
     1>DrawList.cpp(87): error C2059: syntax error : '-'
     1>DrawList.cpp(88): warning C4573: the usage of 'CS262::DrawList::MyRects' requires the compiler to capture 'this' but the current default capture mode does not allow it
     1>DrawList.cpp(88): warning C4573: the usage of 'CS262::DrawList::used' requires the compiler to capture 'this' but the current default capture mode does not allow it
     1>DrawList.cpp(89): warning C4573: the usage of 'CS262::DrawList::used' requires the compiler to capture 'this' but the current default capture mode does not allow it
     1>DrawList.cpp(93): warning C4573: the usage of 'CS262::DrawList::current_index' requires the compiler to capture 'this' but the current default capture mode does not allow it
     1>DrawList.cpp(93): warning C4573: the usage of 'CS262::DrawList::used' requires the compiler to capture 'this' but the current default capture mode does not allow it
         Lab03.cpp
     1>Lab03.cpp(21): error C2679: binary '=' : no operator found which takes a right-hand operand of type 'CS262::DrawList::value_type *' (or there is no acceptable conversion)
                 c:\users\willy weiskopf\willy\school\csci262\lab 3\lab03\MyRect.h(40): could be 'CS262::MyRect &CS262::MyRect::operator =(const CS262::MyRect &)'
                 while trying to match the argument list '(CS262::MyRect, CS262::DrawList::value_type *)'
         Generating Code...
     1>Done Building Project "C:\Users\Willy Weiskopf\Willy\School\csci262\Lab 3\Lab03\Lab03.vcxproj" (build target(s)) -- FAILED.

Build FAILED.

Time Elapsed 00:00:01.01
