Build started 12/15/2011 5:08:22 PM.
     1>Project "C:\Users\Willy Weiskopf\Willy\School\csci262\Lab 10\Authentication\Authentication.vcxproj" on node 2 (build target(s)).
     1>InitializeBuildStatus:
         Creating "Debug\Authentication.unsuccessfulbuild" because "AlwaysCreate" was specified.
       ClCompile:
         c:\Program Files (x86)\Microsoft Visual Studio 10.0\VC\bin\CL.exe /c /ZI /nologo /W3 /WX- /Od /Oy- /D WIN32 /D _DEBUG /D _CONSOLE /D _UNICODE /D UNICODE /Gm /EHsc /RTC1 /MDd /GS /fp:precise /Zc:wchar_t /Zc:forScope /Fo"Debug\\" /Fd"Debug\vc100.pdb" /Gd /TP /analyze- /errorReport:prompt User.cpp main.cpp
         main.cpp
     1>c:\users\willy weiskopf\willy\school\csci262\lab 10\authentication\main.cpp(18): warning C4101: 'temp2' : unreferenced local variable
     1>c:\users\willy weiskopf\willy\school\csci262\lab 10\authentication\binarysearchtree.cpp(40): error C2678: binary '>' : no operator found which takes a left-hand operand of type 'CS262::User' (or there is no acceptable conversion)
                 c:\users\willy weiskopf\willy\school\csci262\lab 10\authentication\user.h(21): could be 'bool CS262::operator >(const std::string &,const CS262::User &)'
                 while trying to match the argument list '(CS262::User, const CS262::User)'
                 c:\users\willy weiskopf\willy\school\csci262\lab 10\authentication\binarysearchtree.cpp(31) : while compiling class template member function 'void CS262::BinarySearchTree<Item,Key>::insert(const Item &)'
                 with
                 [
                     Item=CS262::User,
                     Key=std::string
                 ]
                 c:\users\willy weiskopf\willy\school\csci262\lab 10\authentication\main.cpp(21) : see reference to class template instantiation 'CS262::BinarySearchTree<Item,Key>' being compiled
                 with
                 [
                     Item=CS262::User,
                     Key=std::string
                 ]
     1>c:\users\willy weiskopf\willy\school\csci262\lab 10\authentication\binarysearchtree.cpp(41): error C2678: binary '>' : no operator found which takes a left-hand operand of type 'CS262::User' (or there is no acceptable conversion)
                 c:\users\willy weiskopf\willy\school\csci262\lab 10\authentication\user.h(21): could be 'bool CS262::operator >(const std::string &,const CS262::User &)'
                 while trying to match the argument list '(CS262::User, const CS262::User)'
         User.cpp
         Generating Code...
     1>Done Building Project "C:\Users\Willy Weiskopf\Willy\School\csci262\Lab 10\Authentication\Authentication.vcxproj" (build target(s)) -- FAILED.

Build FAILED.

Time Elapsed 00:00:00.94
