Build started 11/2/2011 1:45:39 PM.
     1>Project "C:\Documents and Settings\TheWillMan\Desktop\Willy\School\csci262\Lab 8\Lab 8\Lab 8.vcxproj" on node 2 (build target(s)).
     1>InitializeBuildStatus:
         Touching "Debug\Lab 8.unsuccessfulbuild".
       GenerateTargetFrameworkMonikerAttribute:
       Skipping target "GenerateTargetFrameworkMonikerAttribute" because all output files are up-to-date with respect to the input files.
       ClCompile:
         c:\Program Files\Microsoft Visual Studio 10.0\VC\bin\CL.exe /c /AI"C:\Program Files\Reference Assemblies\Microsoft\Framework\.NETFramework\v4.0" /Zi /clr:pure /nologo /W3 /WX- /Od /Oy- /D WIN32 /D _DEBUG /D _UNICODE /D UNICODE /EHa /MDd /GS /fp:precise /Zc:wchar_t /Zc:forScope /Fo"Debug\\" /Fd"Debug\vc100.pdb" /TP /FU"C:\Program Files\Reference Assemblies\Microsoft\Framework\.NETFramework\v4.0\System.Core.dll" /FU"C:\Program Files\Reference Assemblies\Microsoft\Framework\.NETFramework\v4.0\System.Data.dll" /FU"C:\Program Files\Reference Assemblies\Microsoft\Framework\.NETFramework\v4.0\System.dll" /FU"C:\Program Files\Reference Assemblies\Microsoft\Framework\.NETFramework\v4.0\System.Drawing.dll" /FU"C:\Program Files\Reference Assemblies\Microsoft\Framework\.NETFramework\v4.0\System.Windows.Forms.dll" /FU"C:\Program Files\Reference Assemblies\Microsoft\Framework\.NETFramework\v4.0\System.Xml.dll" /analyze- /errorReport:prompt "Lab 8.cpp" PlaneSimRun.cpp /clr:nostdlib 
         Lab 8.cpp
         PlaneSimRun.cpp
     1>PlaneSimRun.cpp(11): error C2440: 'initializing' : cannot convert from 'double (*)[6]' to 'double *'
                 Types pointed to are unrelated; conversion requires reinterpret_cast, C-style cast or function-style cast
         Generating Code...
     1>c:\documents and settings\thewillman\desktop\willy\school\csci262\lab 8\lab 8\form1.h(467): warning C4700: uninitialized local variable 'values' used
     1>Done Building Project "C:\Documents and Settings\TheWillMan\Desktop\Willy\School\csci262\Lab 8\Lab 8\Lab 8.vcxproj" (build target(s)) -- FAILED.

Build FAILED.

Time Elapsed 00:00:04.29
