Build started 10/14/2011 6:12:33 PM.
     1>Project "C:\Documents and Settings\TheWillMan\Desktop\Willy\School\csci262\Lab 5\Exercise 2 - Templates\Exercise 2 - Templates.vcxproj" on node 2 (ClCompile target(s)).
     1>ClCompile:
         c:\Program Files\Microsoft Visual Studio 10.0\VC\bin\CL.exe /c /ZI /nologo /W3 /WX- /Od /Oy- /D WIN32 /D _DEBUG /D _CONSOLE /D _UNICODE /D UNICODE /Gm /EHsc /RTC1 /MDd /GS /fp:precise /Zc:wchar_t /Zc:forScope /Fo"Debug\\" /Fd"Debug\vc100.pdb" /Gd /TP /analyze- /errorReport:prompt LinkedListTest.cpp
         LinkedListTest.cpp
     1>c:\documents and settings\thewillman\desktop\willy\school\csci262\lab 5\exercise 2 - templates\linkedlist.cpp(97): error C2734: 'n' : const object must be initialized if not extern
                 c:\documents and settings\thewillman\desktop\willy\school\csci262\lab 5\exercise 2 - templates\linkedlist.cpp(94) : while compiling class template member function 'CS262::LinkedList<Item> &CS262::LinkedList<Item>::operator =(const CS262::LinkedList<Item> &)'
                 with
                 [
                     Item=double
                 ]
                 c:\documents and settings\thewillman\desktop\willy\school\csci262\lab 5\exercise 2 - templates\linkedlisttest.cpp(26) : see reference to class template instantiation 'CS262::LinkedList<Item>' being compiled
                 with
                 [
                     Item=double
                 ]
     1>c:\documents and settings\thewillman\desktop\willy\school\csci262\lab 5\exercise 2 - templates\linkedlist.cpp(99): error C3892: 'n' : you cannot assign to a variable that is const
     1>c:\documents and settings\thewillman\desktop\willy\school\csci262\lab 5\exercise 2 - templates\linkedlist.cpp(102): error C3892: 'n' : you cannot assign to a variable that is const
     1>Done Building Project "C:\Documents and Settings\TheWillMan\Desktop\Willy\School\csci262\Lab 5\Exercise 2 - Templates\Exercise 2 - Templates.vcxproj" (ClCompile target(s)) -- FAILED.

Build FAILED.

Time Elapsed 00:00:01.31
