Build started 9/2/2011 12:47:23 PM.
     1>Project "Z:\adit\My Documents\CSCI262\Lab2\SimpleDate\SimpleDate\SimpleDate.vcxproj" on node 2 (build target(s)).
     1>InitializeBuildStatus:
         Touching "Debug\SimpleDate.unsuccessfulbuild".
       ClCompile:
         c:\Program Files (x86)\Microsoft Visual Studio 10.0\VC\bin\CL.exe /c /ZI /nologo /W3 /WX- /Od /Oy- /D WIN32 /D _DEBUG /D _CONSOLE /D _UNICODE /D UNICODE /Gm /EHsc /RTC1 /MDd /GS /fp:precise /Zc:wchar_t /Zc:forScope /Fo"Debug\\" /Fd"Debug\vc100.pdb" /Gd /TP /analyze- /errorReport:prompt Date.cpp
         Date.cpp
       ManifestResourceCompile:
         C:\Program Files (x86)\Microsoft SDKs\Windows\v7.0A\bin\rc.exe /nologo /fo"Debug\SimpleDate.exe.embed.manifest.res" Debug\SimpleDate_manifest.rc 
       Link:
         c:\Program Files (x86)\Microsoft Visual Studio 10.0\VC\bin\link.exe /ERRORREPORT:PROMPT /OUT:"Z:\adit\My Documents\CSCI262\Lab2\SimpleDate\Debug\SimpleDate.exe" /INCREMENTAL /NOLOGO kernel32.lib user32.lib gdi32.lib winspool.lib comdlg32.lib advapi32.lib shell32.lib ole32.lib oleaut32.lib uuid.lib odbc32.lib odbccp32.lib /MANIFEST /ManifestFile:"Debug\SimpleDate.exe.intermediate.manifest" /MANIFESTUAC:"level='asInvoker' uiAccess='false'" /DEBUG /PDB:"Z:\adit\My Documents\CSCI262\Lab2\SimpleDate\Debug\SimpleDate.pdb" /SUBSYSTEM:CONSOLE /TLBID:1 /DYNAMICBASE /NXCOMPAT /IMPLIB:"Z:\adit\My Documents\CSCI262\Lab2\SimpleDate\Debug\SimpleDate.lib" /MACHINE:X86 Debug\SimpleDate.exe.embed.manifest.res
         Debug\Date.obj
         Debug\UseDates.obj
     1>UseDates.obj : error LNK2019: unresolved external symbol "bool __cdecl operator!=(class Date const &,class Date const &)" (??9@YA_NABVDate@@0@Z) referenced in function _main
     1>UseDates.obj : error LNK2019: unresolved external symbol "bool __cdecl operator==(class Date const &,class Date const &)" (??8@YA_NABVDate@@0@Z) referenced in function _main
     1>Z:\adit\My Documents\CSCI262\Lab2\SimpleDate\Debug\SimpleDate.exe : fatal error LNK1120: 2 unresolved externals
     1>Done Building Project "Z:\adit\My Documents\CSCI262\Lab2\SimpleDate\SimpleDate\SimpleDate.vcxproj" (build target(s)) -- FAILED.

Build FAILED.

Time Elapsed 00:00:03.23
